xrun: 22.03-s012: (c) Copyright 1995-2023 Cadence Design Systems, Inc.
TOOL:	xrun	22.03-s012: Started on Oct 29, 2024 at 14:20:23 CDT
xrun
	-R
	Arbiter.v
	Mainsystem.v
	UART_XMTR.v
	virtSRAM.v
	WRAP_SRAM.v
	WRAP_UART.v
	tb.v
	+access+r
xrun: *W,CSSF: HDL source files with -R option will be ignored.
Loading snapshot worklib.stimulus:v .................... Done
xcelium> source /opt/coe/cadence/XCELIUM/tools/xcelium/files/xmsimrc
xcelium> run
>> 1. Writing 0x35 to SRAM.
xmsim: *W,DVEXACC: some objects excluded from $dumpvars due to access restrictions, use +access+r on command line for access to all objects.
            File: ./tb.v, line = 73, pos = 10
           Scope: stimulus
            Time: 0 FS + 0

                   0dRcvData:0hxx
>> 1a. Writing Complete
>> 2. Reading from SRAM.
                1100dRcvData:0h35
>> 3. Sending through UART.
                1600CLK[0->1] SerialOut: 1
                1610CLK[1->0] SerialOut: 1
                1620CLK[0->1] SerialOut: 1
                1630CLK[1->0] SerialOut: 1
                1640CLK[0->1] SerialOut: 1
                1650CLK[1->0] SerialOut: 1
                1660CLK[0->1] SerialOut: 1
                1670CLK[1->0] SerialOut: 1
                1680CLK[0->1] SerialOut: 1
                1690CLK[1->0] SerialOut: 1
                1700CLK[0->1] SerialOut: 1
                1710CLK[1->0] SerialOut: 0
                1720CLK[0->1] SerialOut: 0
                1730CLK[1->0] SerialOut: 1
                1740CLK[0->1] SerialOut: 1
                1750CLK[1->0] SerialOut: 0
                1760CLK[0->1] SerialOut: 0
                1770CLK[1->0] SerialOut: 1
                1780CLK[0->1] SerialOut: 1
                1790CLK[1->0] SerialOut: 0
                1800CLK[0->1] SerialOut: 0
                1810CLK[1->0] SerialOut: 1
                1820CLK[0->1] SerialOut: 1
                1830CLK[1->0] SerialOut: 1
                1840CLK[0->1] SerialOut: 1
                1850CLK[1->0] SerialOut: 0
                1860CLK[0->1] SerialOut: 0
                1870CLK[1->0] SerialOut: 0
                1880CLK[0->1] SerialOut: 0
                1890CLK[1->0] SerialOut: 1
                1900CLK[0->1] SerialOut: 1
                1910CLK[1->0] SerialOut: 1
                1920CLK[0->1] SerialOut: 1
                1930CLK[1->0] SerialOut: 1
                1940CLK[0->1] SerialOut: 1
                1950CLK[1->0] SerialOut: 1
                1960CLK[0->1] SerialOut: 1
                1970CLK[1->0] SerialOut: 1
Simulation stopped via $stop(1) at time 1980 NS + 0
./tb.v:67 	   #100	$stop;
xcelium> exit
TOOL:	xrun	22.03-s012: Exiting on Oct 29, 2024 at 14:20:31 CDT  (total: 00:00:08)
